#
# There is insufficient memory for the Java Runtime Environment to continue.
# Native memory allocation (malloc) failed to allocate 359296 bytes for Chunk::new
# Possible reasons:
#   The system is out of physical RAM or swap space
#   In 32 bit mode, the process size limit was hit
# Possible solutions:
#   Reduce memory load on the system
#   Increase physical memory or swap space
#   Check if swap backing store is full
#   Use 64 bit Java on a 64 bit OS
#   Decrease Java heap size (-Xmx/-Xms)
#   Decrease number of Java threads
#   Decrease Java thread stack sizes (-Xss)
#   Set larger code cache with -XX:ReservedCodeCacheSize=
# This output file may be truncated or incomplete.
#
#  Out of Memory Error (allocation.cpp:390), pid=3284, tid=0x0000000000000f58
#
# JRE version: Java(TM) SE Runtime Environment (8.0_181-b13) (build 1.8.0_181-b13)
# Java VM: Java HotSpot(TM) 64-Bit Server VM (25.181-b13 mixed mode windows-amd64 compressed oops)
# Failed to write core dump. Minidumps are not enabled by default on client versions of Windows
#

---------------  T H R E A D  ---------------

Current thread (0x0000000018814800):  JavaThread "C2 CompilerThread1" daemon [_thread_in_native, id=3928, stack(0x0000000019f80000,0x000000001a080000)]

Stack: [0x0000000019f80000,0x000000001a080000]
[error occurred during error reporting (printing stack bounds), id 0xc0000005]

Native frames: (J=compiled Java code, j=interpreted, Vv=VM code, C=native code)


Current CompileTask:
C2:    361  399 %     4       com.sun.tools.javac.file.ZipFileIndex$ZipDirectory::readEntry @ 102 (587 bytes)


---------------  P R O C E S S  ---------------

Java Threads: ( => current thread )
  0x000000001a1ae000 JavaThread "Service Thread" daemon [_thread_blocked, id=5108, stack(0x000000001a580000,0x000000001a680000)]
  0x0000000018817800 JavaThread "C1 CompilerThread2" daemon [_thread_blocked, id=2584, stack(0x000000001a080000,0x000000001a180000)]
=>0x0000000018814800 JavaThread "C2 CompilerThread1" daemon [_thread_in_native, id=3928, stack(0x0000000019f80000,0x000000001a080000)]
  0x000000001880e000 JavaThread "C2 CompilerThread0" daemon [_thread_in_native, id=4836, stack(0x0000000019e80000,0x0000000019f80000)]
  0x000000001880c000 JavaThread "Attach Listener" daemon [_thread_blocked, id=708, stack(0x0000000019d80000,0x0000000019e80000)]
  0x000000001880b000 JavaThread "Signal Dispatcher" daemon [_thread_blocked, id=6168, stack(0x0000000019c80000,0x0000000019d80000)]
  0x0000000004f4c800 JavaThread "Finalizer" daemon [_thread_blocked, id=6384, stack(0x0000000019a80000,0x0000000019b80000)]
  0x0000000004f43000 JavaThread "Reference Handler" daemon [_thread_blocked, id=704, stack(0x0000000019980000,0x0000000019a80000)]
  0x0000000004e52800 JavaThread "main" [_thread_in_vm, id=3432, stack(0x0000000004cd0000,0x0000000004dd0000)]

Other Threads:
  0x00000000187d7800 VMThread [stack: 0x0000000019880000,0x0000000019980000] [id=5032]
  0x000000001a1ce800 WatcherThread [stack: 0x000000001a7d0000,0x000000001a8d0000] [id=6972]

VM state:not at safepoint (normal execution)

VM Mutex/Monitor currently owned by a thread: None

Heap:
 PSYoungGen      total 6656K, used 3038K [0x00000000e0700000, 0x00000000e1a00000, 0x0000000100000000)
  eden space 6144K, 49% used [0x00000000e0700000,0x00000000e09f79c0,0x00000000e0d00000)
  from space 512K, 0% used [0x00000000e0d00000,0x00000000e0d00000,0x00000000e0d80000)
  to   space 3584K, 0% used [0x00000000e1680000,0x00000000e1680000,0x00000000e1a00000)
 ParOldGen       total 10752K, used 4831K [0x00000000a1400000, 0x00000000a1e80000, 0x00000000e0700000)
  object space 10752K, 44% used [0x00000000a1400000,0x00000000a18b7e90,0x00000000a1e80000)
 Metaspace       used 7399K, capacity 8180K, committed 8448K, reserved 1056768K
  class space    used 909K, capacity 944K, committed 1024K, reserved 1048576K

Card table byte_map: [0x0000000014310000,0x0000000014610000] byte_map_base: 0x0000000013e06000

Marking Bits: (ParMarkBitMap*) 0x0000000063aa2d00
 Begin Bits: [0x0000000014c10000, 0x00000000163c0000)
 End Bits:   [0x00000000163c0000, 0x0000000017b70000)

Polling page: 0x0000000000bd0000

CodeCache: size=245760Kb used=2217Kb max_used=2227Kb free=243542Kb
 bounds [0x0000000004f50000, 0x00000000051c0000, 0x0000000013f50000]
 total_blobs=732 nmethods=447 adapters=198
 compilation: enabled

Compilation events (10 events):
Event: 0.352 Thread 0x0000000018817800  451       3       java.util.ComparableTimSort::ensureCapacity (91 bytes)
Event: 0.353 Thread 0x0000000018817800 nmethod 451 0x000000000517b250 code [0x000000000517b3c0, 0x000000000517b730]
Event: 0.353 Thread 0x000000001880e000 nmethod 444 0x000000000517d290 code [0x000000000517d3e0, 0x000000000517d6f8]
Event: 0.353 Thread 0x000000001880e000  426       4       java.lang.ThreadLocal$ThreadLocalMap::getEntry (42 bytes)
Event: 0.354 Thread 0x000000001880e000 nmethod 426 0x00000000051740d0 code [0x0000000005174220, 0x0000000005174328]
Event: 0.354 Thread 0x000000001880e000  430   !   4       java.lang.StringCoding$StringDecoder::decode (179 bytes)
Event: 0.355 Thread 0x000000001880e000 nmethod 430 0x000000000517d8d0 code [0x000000000517da20, 0x000000000517dc28]
Event: 0.355 Thread 0x000000001880e000  433       4       com.sun.tools.javac.file.RelativePath::hashCode (8 bytes)
Event: 0.357 Thread 0x000000001880e000 nmethod 433 0x000000000517de50 code [0x000000000517df80, 0x000000000517e0f8]
Event: 0.357 Thread 0x000000001880e000  427       4       java.lang.String::<init> (38 bytes)

GC Heap History (10 events):
Event: 0.130 GC heap before
{Heap before GC invocations=2 (full 0):
 PSYoungGen      total 2048K, used 2016K [0x00000000e0700000, 0x00000000e0b00000, 0x0000000100000000)
  eden space 1536K, 100% used [0x00000000e0700000,0x00000000e0880000,0x00000000e0880000)
  from space 512K, 93% used [0x00000000e0880000,0x00000000e08f8020,0x00000000e0900000)
  to   space 512K, 0% used [0x00000000e0a80000,0x00000000e0a80000,0x00000000e0b00000)
 ParOldGen       total 5632K, used 40K [0x00000000a1400000, 0x00000000a1980000, 0x00000000e0700000)
  object space 5632K, 0% used [0x00000000a1400000,0x00000000a140a000,0x00000000a1980000)
 Metaspace       used 4113K, capacity 5388K, committed 5760K, reserved 1056768K
  class space    used 489K, capacity 520K, committed 640K, reserved 1048576K
Event: 0.131 GC heap after
Heap after GC invocations=2 (full 0):
 PSYoungGen      total 3584K, used 512K [0x00000000e0700000, 0x00000000e0b00000, 0x0000000100000000)
  eden space 3072K, 0% used [0x00000000e0700000,0x00000000e0700000,0x00000000e0a00000)
  from space 512K, 100% used [0x00000000e0a80000,0x00000000e0b00000,0x00000000e0b00000)
  to   space 512K, 0% used [0x00000000e0a00000,0x00000000e0a00000,0x00000000e0a80000)
 ParOldGen       total 5632K, used 72K [0x00000000a1400000, 0x00000000a1980000, 0x00000000e0700000)
  object space 5632K, 1% used [0x00000000a1400000,0x00000000a1412000,0x00000000a1980000)
 Metaspace       used 4113K, capacity 5388K, committed 5760K, reserved 1056768K
  class space    used 489K, capacity 520K, committed 640K, reserved 1048576K
}
Event: 0.185 GC heap before
{Heap before GC invocations=3 (full 0):
 PSYoungGen      total 3584K, used 3564K [0x00000000e0700000, 0x00000000e0b00000, 0x0000000100000000)
  eden space 3072K, 99% used [0x00000000e0700000,0x00000000e09fb228,0x00000000e0a00000)
  from space 512K, 100% used [0x00000000e0a80000,0x00000000e0b00000,0x00000000e0b00000)
  to   space 512K, 0% used [0x00000000e0a00000,0x00000000e0a00000,0x00000000e0a80000)
 ParOldGen       total 5632K, used 72K [0x00000000a1400000, 0x00000000a1980000, 0x00000000e0700000)
  object space 5632K, 1% used [0x00000000a1400000,0x00000000a1412000,0x00000000a1980000)
 Metaspace       used 5075K, capacity 6284K, committed 6656K, reserved 1056768K
  class space    used 624K, capacity 648K, committed 768K, reserved 1048576K
Event: 0.186 GC heap after
Heap after GC invocations=3 (full 0):
 PSYoungGen      total 3584K, used 511K [0x00000000e0700000, 0x00000000e0e00000, 0x0000000100000000)
  eden space 3072K, 0% used [0x00000000e0700000,0x00000000e0700000,0x00000000e0a00000)
  from space 512K, 99% used [0x00000000e0a00000,0x00000000e0a7fc10,0x00000000e0a80000)
  to   space 512K, 0% used [0x00000000e0d80000,0x00000000e0d80000,0x00000000e0e00000)
 ParOldGen       total 5632K, used 604K [0x00000000a1400000, 0x00000000a1980000, 0x00000000e0700000)
  object space 5632K, 10% used [0x00000000a1400000,0x00000000a1497040,0x00000000a1980000)
 Metaspace       used 5075K, capacity 6284K, committed 6656K, reserved 1056768K
  class space    used 624K, capacity 648K, committed 768K, reserved 1048576K
}
Event: 0.241 GC heap before
{Heap before GC invocations=4 (full 0):
 PSYoungGen      total 3584K, used 3583K [0x00000000e0700000, 0x00000000e0e00000, 0x0000000100000000)
  eden space 3072K, 100% used [0x00000000e0700000,0x00000000e0a00000,0x00000000e0a00000)
  from space 512K, 99% used [0x00000000e0a00000,0x00000000e0a7fc10,0x00000000e0a80000)
  to   space 512K, 0% used [0x00000000e0d80000,0x00000000e0d80000,0x00000000e0e00000)
 ParOldGen       total 5632K, used 604K [0x00000000a1400000, 0x00000000a1980000, 0x00000000e0700000)
  object space 5632K, 10% used [0x00000000a1400000,0x00000000a1497040,0x00000000a1980000)
 Metaspace       used 6169K, capacity 7278K, committed 7552K, reserved 1056768K
  class space    used 777K, capacity 810K, committed 896K, reserved 1048576K
Event: 0.242 GC heap after
Heap after GC invocations=4 (full 0):
 PSYoungGen      total 6656K, used 512K [0x00000000e0700000, 0x00000000e0e00000, 0x0000000100000000)
  eden space 6144K, 0% used [0x00000000e0700000,0x00000000e0700000,0x00000000e0d00000)
  from space 512K, 100% used [0x00000000e0d80000,0x00000000e0e00000,0x00000000e0e00000)
  to   space 512K, 0% used [0x00000000e0d00000,0x00000000e0d00000,0x00000000e0d80000)
 ParOldGen       total 5632K, used 896K [0x00000000a1400000, 0x00000000a1980000, 0x00000000e0700000)
  object space 5632K, 15% used [0x00000000a1400000,0x00000000a14e0070,0x00000000a1980000)
 Metaspace       used 6169K, capacity 7278K, committed 7552K, reserved 1056768K
  class space    used 777K, capacity 810K, committed 896K, reserved 1048576K
}
Event: 0.320 GC heap before
{Heap before GC invocations=5 (full 0):
 PSYoungGen      total 6656K, used 6656K [0x00000000e0700000, 0x00000000e0e00000, 0x0000000100000000)
  eden space 6144K, 100% used [0x00000000e0700000,0x00000000e0d00000,0x00000000e0d00000)
  from space 512K, 100% used [0x00000000e0d80000,0x00000000e0e00000,0x00000000e0e00000)
  to   space 512K, 0% used [0x00000000e0d00000,0x00000000e0d00000,0x00000000e0d80000)
 ParOldGen       total 5632K, used 896K [0x00000000a1400000, 0x00000000a1980000, 0x00000000e0700000)
  object space 5632K, 15% used [0x00000000a1400000,0x00000000a14e0070,0x00000000a1980000)
 Metaspace       used 7317K, capacity 8180K, committed 8448K, reserved 1056768K
  class space    used 897K, capacity 944K, committed 1024K, reserved 1048576K
Event: 0.323 GC heap after
Heap after GC invocations=5 (full 0):
 PSYoungGen      total 6656K, used 512K [0x00000000e0700000, 0x00000000e1a00000, 0x0000000100000000)
  eden space 6144K, 0% used [0x00000000e0700000,0x00000000e0700000,0x00000000e0d00000)
  from space 512K, 100% used [0x00000000e0d00000,0x00000000e0d80000,0x00000000e0d80000)
  to   space 3584K, 0% used [0x00000000e1680000,0x00000000e1680000,0x00000000e1a00000)
 ParOldGen       total 5632K, used 4500K [0x00000000a1400000, 0x00000000a1980000, 0x00000000e0700000)
  object space 5632K, 79% used [0x00000000a1400000,0x00000000a1865000,0x00000000a1980000)
 Metaspace       used 7317K, capacity 8180K, committed 8448K, reserved 1056768K
  class space    used 897K, capacity 944K, committed 1024K, reserved 1048576K
}
Event: 0.323 GC heap before
{Heap before GC invocations=6 (full 1):
 PSYoungGen      total 6656K, used 512K [0x00000000e0700000, 0x00000000e1a00000, 0x0000000100000000)
  eden space 6144K, 0% used [0x00000000e0700000,0x00000000e0700000,0x00000000e0d00000)
  from space 512K, 100% used [0x00000000e0d00000,0x00000000e0d80000,0x00000000e0d80000)
  to   space 3584K, 0% used [0x00000000e1680000,0x00000000e1680000,0x00000000e1a00000)
 ParOldGen       total 5632K, used 4500K [0x00000000a1400000, 0x00000000a1980000, 0x00000000e0700000)
  object space 5632K, 79% used [0x00000000a1400000,0x00000000a1865000,0x00000000a1980000)
 Metaspace       used 7317K, capacity 8180K, committed 8448K, reserved 1056768K
  class space    used 897K, capacity 944K, committed 1024K, reserved 1048576K
Event: 0.344 GC heap after
Heap after GC invocations=6 (full 1):
 PSYoungGen      total 6656K, used 0K [0x00000000e0700000, 0x00000000e1a00000, 0x0000000100000000)
  eden space 6144K, 0% used [0x00000000e0700000,0x00000000e0700000,0x00000000e0d00000)
  from space 512K, 0% used [0x00000000e0d00000,0x00000000e0d00000,0x00000000e0d80000)
  to   space 3584K, 0% used [0x00000000e1680000,0x00000000e1680000,0x00000000e1a00000)
 ParOldGen       total 10752K, used 4831K [0x00000000a1400000, 0x00000000a1e80000, 0x00000000e0700000)
  object space 10752K, 44% used [0x00000000a1400000,0x00000000a18b7e90,0x00000000a1e80000)
 Metaspace       used 7317K, capacity 8180K, committed 8448K, reserved 1056768K
  class space    used 897K, capacity 944K, committed 1024K, reserved 1048576K
}

Deoptimization events (5 events):
Event: 0.231 Thread 0x0000000004e52800 Uncommon trap: reason=null_check action=make_not_entrant pc=0x00000000050df620 method=java.lang.String.equals(Ljava/lang/Object;)Z @ 8
Event: 0.269 Thread 0x0000000004e52800 Uncommon trap: reason=unstable_if action=reinterpret pc=0x00000000050cf11c method=java.lang.String.replace(CC)Ljava/lang/String; @ 26
Event: 0.272 Thread 0x0000000004e52800 Uncommon trap: reason=unstable_if action=reinterpret pc=0x000000000508b1c8 method=java.lang.String.startsWith(Ljava/lang/String;I)Z @ 25
Event: 0.272 Thread 0x0000000004e52800 Uncommon trap: reason=unloaded action=reinterpret pc=0x00000000051154b8 method=sun.misc.URLClassPath$JarLoader.getResource(Ljava/lang/String;Z)Lsun/misc/Resource; @ 67
Event: 0.272 Thread 0x0000000004e52800 Uncommon trap: reason=class_check action=maybe_recompile pc=0x00000000050feb20 method=sun.misc.URLClassPath.getLoader(I)Lsun/misc/URLClassPath$Loader; @ 94

Classes redefined (0 events):
No events

Internal exceptions (10 events):
Event: 0.099 Thread 0x0000000004e52800 Exception <a 'java/security/PrivilegedActionException'> (0x00000000e0876880) thrown at [C:\re\workspace\8-2-build-windows-amd64-cygwin\jdk8u181\11358\hotspot\src\share\vm\prims\jvm.cpp, line 1435]
Event: 0.099 Thread 0x0000000004e52800 Exception <a 'java/security/PrivilegedActionException'> (0x00000000e0876c78) thrown at [C:\re\workspace\8-2-build-windows-amd64-cygwin\jdk8u181\11358\hotspot\src\share\vm\prims\jvm.cpp, line 1435]
Event: 0.099 Thread 0x0000000004e52800 Exception <a 'java/security/PrivilegedActionException'> (0x00000000e087ad70) thrown at [C:\re\workspace\8-2-build-windows-amd64-cygwin\jdk8u181\11358\hotspot\src\share\vm\prims\jvm.cpp, line 1435]
Event: 0.099 Thread 0x0000000004e52800 Exception <a 'java/security/PrivilegedActionException'> (0x00000000e087b168) thrown at [C:\re\workspace\8-2-build-windows-amd64-cygwin\jdk8u181\11358\hotspot\src\share\vm\prims\jvm.cpp, line 1435]
Event: 0.104 Thread 0x0000000004e52800 Exception <a 'java/security/PrivilegedActionException'> (0x00000000e0708e00) thrown at [C:\re\workspace\8-2-build-windows-amd64-cygwin\jdk8u181\11358\hotspot\src\share\vm\prims\jvm.cpp, line 1435]
Event: 0.104 Thread 0x0000000004e52800 Exception <a 'java/security/PrivilegedActionException'> (0x00000000e07091f8) thrown at [C:\re\workspace\8-2-build-windows-amd64-cygwin\jdk8u181\11358\hotspot\src\share\vm\prims\jvm.cpp, line 1435]
Event: 0.231 Thread 0x0000000004e52800 Implicit null exception at 0x00000000050df462 to 0x00000000050df611
Event: 0.353 Thread 0x0000000004e52800 Exception <a 'java/io/FileNotFoundException'> (0x00000000e0827a28) thrown at [C:\re\workspace\8-2-build-windows-amd64-cygwin\jdk8u181\11358\hotspot\src\share\vm\prims\jni.cpp, line 709]
Event: 0.355 Thread 0x0000000004e52800 Exception <a 'java/io/FileNotFoundException'> (0x00000000e085bfc8) thrown at [C:\re\workspace\8-2-build-windows-amd64-cygwin\jdk8u181\11358\hotspot\src\share\vm\prims\jni.cpp, line 709]
Event: 0.357 Thread 0x0000000004e52800 Exception <a 'java/lang/OutOfMemoryError'> (0x00000000e0909b58) thrown at [C:\re\workspace\8-2-build-windows-amd64-cygwin\jdk8u181\11358\hotspot\src\share\vm\prims\jni.cpp, line 735]

Events (10 events):
Event: 0.358 loading class com/sun/tools/javac/resources/javac
Event: 0.358 loading class com/sun/tools/javac/resources/javac done
Event: 0.358 loading class com/sun/tools/javac/resources/javac_pt
Event: 0.358 loading class com/sun/tools/javac/resources/javac_pt done
Event: 0.358 loading class com/sun/tools/javac/resources/javac_pt_BR
Event: 0.358 loading class com/sun/tools/javac/resources/javac_pt_BR done
Event: 0.360 loading class java/text/MessageFormat
Event: 0.360 loading class java/text/Format
Event: 0.360 loading class java/text/Format done
Event: 0.360 loading class java/text/MessageFormat done


Dynamic libraries:
0x00007ff769460000 - 0x00007ff769467000 	C:\Program Files\Java\jdk1.8.0_181\bin\javac.exe
0x00007ffef0df0000 - 0x00007ffef0fd0000 	C:\Windows\SYSTEM32\ntdll.dll
0x00007ffef08f0000 - 0x00007ffef099e000 	C:\Windows\System32\KERNEL32.DLL
0x00007ffeee080000 - 0x00007ffeee2e6000 	C:\Windows\System32\KERNELBASE.dll
0x0000000061e30000 - 0x0000000061e5f000 	C:\Program Files\Java\jdk1.8.0_181\bin\jli.dll
0x0000000061d50000 - 0x0000000061e22000 	C:\Program Files\Java\jdk1.8.0_181\bin\MSVCR100.dll
0x00007ffeefbe0000 - 0x00007ffeefc81000 	C:\Windows\System32\ADVAPI32.dll
0x00007ffef0ab0000 - 0x00007ffef0b4d000 	C:\Windows\System32\msvcrt.dll
0x00007ffef0890000 - 0x00007ffef08eb000 	C:\Windows\System32\sechost.dll
0x00007ffeef860000 - 0x00007ffeef97f000 	C:\Windows\System32\RPCRT4.dll
0x00007ffef0c60000 - 0x00007ffef0def000 	C:\Windows\System32\USER32.dll
0x00007ffee3e90000 - 0x00007ffee40f9000 	C:\Windows\WinSxS\amd64_microsoft.windows.common-controls_6595b64144ccf1df_6.0.16299.98_none_cc930a042215c348\COMCTL32.dll
0x00007ffeed420000 - 0x00007ffeed440000 	C:\Windows\System32\win32u.dll
0x00007ffeefe00000 - 0x00007ffef0108000 	C:\Windows\System32\combase.dll
0x00007ffef06c0000 - 0x00007ffef06e8000 	C:\Windows\System32\GDI32.dll
0x00007ffeed4e0000 - 0x00007ffeed5d6000 	C:\Windows\System32\ucrtbase.dll
0x00007ffeed280000 - 0x00007ffeed413000 	C:\Windows\System32\gdi32full.dll
0x00007ffeed440000 - 0x00007ffeed4db000 	C:\Windows\System32\msvcp_win.dll
0x00007ffeed630000 - 0x00007ffeed6a2000 	C:\Windows\System32\bcryptPrimitives.dll
0x00007ffeef7c0000 - 0x00007ffeef7ed000 	C:\Windows\System32\IMM32.DLL
0x00000000631a0000 - 0x0000000063272000 	C:\Program Files\Java\jdk1.8.0_181\jre\bin\msvcr100.dll
0x0000000063280000 - 0x0000000063b22000 	C:\Program Files\Java\jdk1.8.0_181\jre\bin\server\jvm.dll
0x00007ffeefaa0000 - 0x00007ffeefaa8000 	C:\Windows\System32\PSAPI.DLL
0x00007ffee13e0000 - 0x00007ffee13ea000 	C:\Windows\SYSTEM32\VERSION.dll
0x00007ffee7bf0000 - 0x00007ffee7bf9000 	C:\Windows\SYSTEM32\WSOCK32.dll
0x00007ffeeb5d0000 - 0x00007ffeeb5f3000 	C:\Windows\SYSTEM32\WINMM.dll
0x00007ffeef7f0000 - 0x00007ffeef85c000 	C:\Windows\System32\WS2_32.dll
0x00007ffeeb570000 - 0x00007ffeeb59a000 	C:\Windows\SYSTEM32\WINMMBASE.dll
0x00007ffeed5e0000 - 0x00007ffeed62a000 	C:\Windows\System32\cfgmgr32.dll
0x0000000063150000 - 0x000000006315f000 	C:\Program Files\Java\jdk1.8.0_181\jre\bin\verify.dll
0x0000000063120000 - 0x0000000063149000 	C:\Program Files\Java\jdk1.8.0_181\jre\bin\java.dll
0x0000000063100000 - 0x0000000063116000 	C:\Program Files\Java\jdk1.8.0_181\jre\bin\zip.dll
0x00007ffeee350000 - 0x00007ffeef786000 	C:\Windows\System32\SHELL32.dll
0x00007ffef0bb0000 - 0x00007ffef0c56000 	C:\Windows\System32\shcore.dll
0x00007ffeed760000 - 0x00007ffeedea7000 	C:\Windows\System32\windows.storage.dll
0x00007ffeefab0000 - 0x00007ffeefb01000 	C:\Windows\System32\shlwapi.dll
0x00007ffeed1b0000 - 0x00007ffeed1c1000 	C:\Windows\System32\kernel.appcore.dll
0x00007ffeed1d0000 - 0x00007ffeed21c000 	C:\Windows\System32\powrprof.dll
0x00007ffeed170000 - 0x00007ffeed18b000 	C:\Windows\System32\profapi.dll

VM Arguments:
jvm_args: -Dapplication.home=C:\Program Files\Java\jdk1.8.0_181 -Xms8m -Djava.net.preferIPv4Stack=true 
java_command: com.sun.tools.javac.Main -d C:\Users\Lenovo\Documents\NetBeansProjects\Pi2_Loja_Moveis\build\classes -classpath C:\Users\Lenovo\Documents\NetBeansProjects\Pi2_Loja_Moveis\build\classes;C:\Users\Lenovo\Documents\NetBeansProjects\Pi2_Loja_Moveis\lib\mysql-connector-java-8.0.22.jar -sourcepath C:\Users\Lenovo\Documents\NetBeansProjects\Pi2_Loja_Moveis\src -target 1.8 -encoding UTF-8 -g -processorpath C:\Users\Lenovo\Documents\NetBeansProjects\Pi2_Loja_Moveis\lib\mysql-connector-java-8.0.22.jar;C:\Users\Lenovo\Documents\NetBeansProjects\Pi2_Loja_Moveis\build\empty -s C:\Users\Lenovo\Documents\NetBeansProjects\Pi2_Loja_Moveis\build\generated-sources\ap-source-output -source 1.8 C:\Users\Lenovo\Documents\NetBeansProjects\Pi2_Loja_Moveis\src\br\senac\LojaMoveis\telas\TelaProdutoController.java
java_class_path (initial): C:\Program Files\Java\jdk1.8.0_181/lib/tools.jar;C:\Program Files\Java\jdk1.8.0_181/classes
Launcher Type: SUN_STANDARD

Environment Variables:
_JAVA_OPTIONS=-Djava.net.preferIPv4Stack=true
PATH=C:\Program Files (x86)\Common Files\Oracle\Java\javapath;C:\Windows\system32;C:\Windows;C:\Windows\System32\Wbem;C:\Windows\System32\WindowsPowerShell\v1.0\;C:\Program Files\Git\cmd;C:\Program Files\MySQL\MySQL Shell 8.0\bin\;C:\Users\Lenovo\AppData\Local\Microsoft\WindowsApps;;C:\Users\Lenovo\Documents\Microsoft VS Code\bin
USERNAME=Lenovo
OS=Windows_NT
PROCESSOR_IDENTIFIER=Intel64 Family 6 Model 60 Stepping 3, GenuineIntel



---------------  S Y S T E M  ---------------

OS: Windows 10.0 , 64 bit Build 16299 (10.0.16299.15)

CPU:total 4 (initial active 4) (4 cores per cpu, 1 threads per core) family 6 model 60 stepping 3, cmov, cx8, fxsr, mmx, sse, sse2, sse3, ssse3, sse4.1, sse4.2, popcnt, avx, avx2, aes, clmul, erms, lzcnt, tsc, tscinvbit, bmi1, bmi2

Memory: 4k page, physical 6202780k(587376k free), swap 6202780k(5188k free)

vm_info: Java HotSpot(TM) 64-Bit Server VM (25.181-b13) for windows-amd64 JRE (1.8.0_181-b13), built on Jul  7 2018 04:01:33 by "java_re" with MS VC++ 10.0 (VS2010)

time: Mon Dec 07 17:46:47 2020
elapsed time: 0 seconds (0d 0h 0m 0s)

