#
# There is insufficient memory for the Java Runtime Environment to continue.
# Native memory allocation (malloc) failed to allocate 221216 bytes for Chunk::new
# Possible reasons:
#   The system is out of physical RAM or swap space
#   In 32 bit mode, the process size limit was hit
# Possible solutions:
#   Reduce memory load on the system
#   Increase physical memory or swap space
#   Check if swap backing store is full
#   Use 64 bit Java on a 64 bit OS
#   Decrease Java heap size (-Xmx/-Xms)
#   Decrease number of Java threads
#   Decrease Java thread stack sizes (-Xss)
#   Set larger code cache with -XX:ReservedCodeCacheSize=
# This output file may be truncated or incomplete.
#
#  Out of Memory Error (allocation.cpp:390), pid=424, tid=0x0000000000000d2c
#
# JRE version: Java(TM) SE Runtime Environment (8.0_181-b13) (build 1.8.0_181-b13)
# Java VM: Java HotSpot(TM) 64-Bit Server VM (25.181-b13 mixed mode windows-amd64 compressed oops)
# Failed to write core dump. Minidumps are not enabled by default on client versions of Windows
#

---------------  T H R E A D  ---------------

Current thread (0x0000000018510000):  JavaThread "C2 CompilerThread0" daemon [_thread_in_native, id=3372, stack(0x0000000019b60000,0x0000000019c60000)]

Stack: [0x0000000019b60000,0x0000000019c60000]
[error occurred during error reporting (printing stack bounds), id 0xc0000005]

Native frames: (J=compiled Java code, j=interpreted, Vv=VM code, C=native code)


Current CompileTask:
C2:    525  699   !   4       com.sun.tools.javac.jvm.ClassReader::classSigToType (498 bytes)


---------------  P R O C E S S  ---------------

Java Threads: ( => current thread )
  0x000000001856d800 JavaThread "Service Thread" daemon [_thread_blocked, id=7220, stack(0x000000001a260000,0x000000001a360000)]
  0x000000001851e800 JavaThread "C1 CompilerThread2" daemon [_thread_in_native, id=7872, stack(0x0000000019d60000,0x0000000019e60000)]
  0x0000000018516000 JavaThread "C2 CompilerThread1" daemon [_thread_blocked, id=4284, stack(0x0000000019c60000,0x0000000019d60000)]
=>0x0000000018510000 JavaThread "C2 CompilerThread0" daemon [_thread_in_native, id=3372, stack(0x0000000019b60000,0x0000000019c60000)]
  0x000000001850e800 JavaThread "Attach Listener" daemon [_thread_blocked, id=3060, stack(0x0000000019a60000,0x0000000019b60000)]
  0x000000001850d000 JavaThread "Signal Dispatcher" daemon [_thread_blocked, id=6196, stack(0x0000000019960000,0x0000000019a60000)]
  0x0000000004c4e000 JavaThread "Finalizer" daemon [_thread_blocked, id=5352, stack(0x0000000019760000,0x0000000019860000)]
  0x0000000004c43800 JavaThread "Reference Handler" daemon [_thread_blocked, id=6700, stack(0x0000000019660000,0x0000000019760000)]
  0x0000000004b53000 JavaThread "main" [_thread_in_Java, id=6276, stack(0x00000000049f0000,0x0000000004af0000)]

Other Threads:
  0x00000000184d8000 VMThread [stack: 0x0000000019560000,0x0000000019660000] [id=2428]
  0x0000000019ea7000 WatcherThread [stack: 0x000000001a4b0000,0x000000001a5b0000] [id=7948]

VM state:not at safepoint (normal execution)

VM Mutex/Monitor currently owned by a thread: None

Heap:
 PSYoungGen      total 6656K, used 5274K [0x00000000e0700000, 0x00000000e0e00000, 0x0000000100000000)
  eden space 6144K, 85% used [0x00000000e0700000,0x00000000e0c26af0,0x00000000e0d00000)
  from space 512K, 0% used [0x00000000e0d80000,0x00000000e0d80000,0x00000000e0e00000)
  to   space 512K, 0% used [0x00000000e0d00000,0x00000000e0d00000,0x00000000e0d80000)
 ParOldGen       total 15872K, used 6066K [0x00000000a1400000, 0x00000000a2380000, 0x00000000e0700000)
  object space 15872K, 38% used [0x00000000a1400000,0x00000000a19ecba0,0x00000000a2380000)
 Metaspace       used 8231K, capacity 8768K, committed 8960K, reserved 1056768K
  class space    used 995K, capacity 1012K, committed 1024K, reserved 1048576K

Card table byte_map: [0x0000000014010000,0x0000000014310000] byte_map_base: 0x0000000013b06000

Marking Bits: (ParMarkBitMap*) 0x0000000063aa2d00
 Begin Bits: [0x0000000014910000, 0x00000000160c0000)
 End Bits:   [0x00000000160c0000, 0x0000000017870000)

Polling page: 0x0000000002d20000

CodeCache: size=245760Kb used=3043Kb max_used=3043Kb free=242716Kb
 bounds [0x0000000004c50000, 0x0000000004f50000, 0x0000000013c50000]
 total_blobs=1039 nmethods=745 adapters=206
 compilation: enabled

Compilation events (10 events):
Event: 0.523 Thread 0x000000001851e800  731       3       java.util.regex.Pattern$Branch::match (66 bytes)
Event: 0.523 Thread 0x000000001851e800 nmethod 731 0x0000000004f433d0 code [0x0000000004f43560, 0x0000000004f43a38]
Event: 0.523 Thread 0x000000001851e800  710       1       java.util.Formatter$FixedString::index (3 bytes)
Event: 0.523 Thread 0x000000001851e800 nmethod 710 0x0000000004f43c50 code [0x0000000004f43da0, 0x0000000004f43eb0]
Event: 0.523 Thread 0x000000001851e800  732   !   3       com.sun.tools.javac.code.Symbol$VarSymbol::getConstValue (73 bytes)
Event: 0.523 Thread 0x000000001851e800 nmethod 732 0x0000000004f43f10 code [0x0000000004f440c0, 0x0000000004f44738]
Event: 0.523 Thread 0x000000001851e800  735       3       java.util.EnumSet::noneOf (63 bytes)
Event: 0.524 Thread 0x0000000018516000  739       4       com.sun.tools.javac.util.List::isEmpty (13 bytes)
Event: 0.524 Thread 0x000000001851e800 nmethod 735 0x0000000004f44910 code [0x0000000004f44ba0, 0x0000000004f45e38]
Event: 0.524 Thread 0x000000001851e800  733       3       com.sun.tools.javac.comp.Check::checkNonVoid (35 bytes)

GC Heap History (10 events):
Event: 0.279 GC heap before
{Heap before GC invocations=4 (full 0):
 PSYoungGen      total 3584K, used 3583K [0x00000000e0700000, 0x00000000e0e00000, 0x0000000100000000)
  eden space 3072K, 100% used [0x00000000e0700000,0x00000000e0a00000,0x00000000e0a00000)
  from space 512K, 99% used [0x00000000e0a00000,0x00000000e0a7fc10,0x00000000e0a80000)
  to   space 512K, 0% used [0x00000000e0d80000,0x00000000e0d80000,0x00000000e0e00000)
 ParOldGen       total 5632K, used 596K [0x00000000a1400000, 0x00000000a1980000, 0x00000000e0700000)
  object space 5632K, 10% used [0x00000000a1400000,0x00000000a1495050,0x00000000a1980000)
 Metaspace       used 6174K, capacity 7278K, committed 7552K, reserved 1056768K
  class space    used 777K, capacity 810K, committed 896K, reserved 1048576K
Event: 0.280 GC heap after
Heap after GC invocations=4 (full 0):
 PSYoungGen      total 6656K, used 512K [0x00000000e0700000, 0x00000000e0e00000, 0x0000000100000000)
  eden space 6144K, 0% used [0x00000000e0700000,0x00000000e0700000,0x00000000e0d00000)
  from space 512K, 100% used [0x00000000e0d80000,0x00000000e0e00000,0x00000000e0e00000)
  to   space 512K, 0% used [0x00000000e0d00000,0x00000000e0d00000,0x00000000e0d80000)
 ParOldGen       total 5632K, used 892K [0x00000000a1400000, 0x00000000a1980000, 0x00000000e0700000)
  object space 5632K, 15% used [0x00000000a1400000,0x00000000a14df080,0x00000000a1980000)
 Metaspace       used 6174K, capacity 7278K, committed 7552K, reserved 1056768K
  class space    used 777K, capacity 810K, committed 896K, reserved 1048576K
}
Event: 0.359 GC heap before
{Heap before GC invocations=5 (full 0):
 PSYoungGen      total 6656K, used 6656K [0x00000000e0700000, 0x00000000e0e00000, 0x0000000100000000)
  eden space 6144K, 100% used [0x00000000e0700000,0x00000000e0d00000,0x00000000e0d00000)
  from space 512K, 100% used [0x00000000e0d80000,0x00000000e0e00000,0x00000000e0e00000)
  to   space 512K, 0% used [0x00000000e0d00000,0x00000000e0d00000,0x00000000e0d80000)
 ParOldGen       total 5632K, used 892K [0x00000000a1400000, 0x00000000a1980000, 0x00000000e0700000)
  object space 5632K, 15% used [0x00000000a1400000,0x00000000a14df080,0x00000000a1980000)
 Metaspace       used 7314K, capacity 8180K, committed 8448K, reserved 1056768K
  class space    used 898K, capacity 944K, committed 1024K, reserved 1048576K
Event: 0.361 GC heap after
Heap after GC invocations=5 (full 0):
 PSYoungGen      total 6656K, used 500K [0x00000000e0700000, 0x00000000e0e00000, 0x0000000100000000)
  eden space 6144K, 0% used [0x00000000e0700000,0x00000000e0700000,0x00000000e0d00000)
  from space 512K, 97% used [0x00000000e0d00000,0x00000000e0d7d010,0x00000000e0d80000)
  to   space 512K, 0% used [0x00000000e0d80000,0x00000000e0d80000,0x00000000e0e00000)
 ParOldGen       total 5632K, used 4491K [0x00000000a1400000, 0x00000000a1980000, 0x00000000e0700000)
  object space 5632K, 79% used [0x00000000a1400000,0x00000000a1862f30,0x00000000a1980000)
 Metaspace       used 7314K, capacity 8180K, committed 8448K, reserved 1056768K
  class space    used 898K, capacity 944K, committed 1024K, reserved 1048576K
}
Event: 0.361 GC heap before
{Heap before GC invocations=6 (full 1):
 PSYoungGen      total 6656K, used 500K [0x00000000e0700000, 0x00000000e0e00000, 0x0000000100000000)
  eden space 6144K, 0% used [0x00000000e0700000,0x00000000e0700000,0x00000000e0d00000)
  from space 512K, 97% used [0x00000000e0d00000,0x00000000e0d7d010,0x00000000e0d80000)
  to   space 512K, 0% used [0x00000000e0d80000,0x00000000e0d80000,0x00000000e0e00000)
 ParOldGen       total 5632K, used 4491K [0x00000000a1400000, 0x00000000a1980000, 0x00000000e0700000)
  object space 5632K, 79% used [0x00000000a1400000,0x00000000a1862f30,0x00000000a1980000)
 Metaspace       used 7314K, capacity 8180K, committed 8448K, reserved 1056768K
  class space    used 898K, capacity 944K, committed 1024K, reserved 1048576K
Event: 0.381 GC heap after
Heap after GC invocations=6 (full 1):
 PSYoungGen      total 6656K, used 0K [0x00000000e0700000, 0x00000000e0e00000, 0x0000000100000000)
  eden space 6144K, 0% used [0x00000000e0700000,0x00000000e0700000,0x00000000e0d00000)
  from space 512K, 0% used [0x00000000e0d00000,0x00000000e0d00000,0x00000000e0d80000)
  to   space 512K, 0% used [0x00000000e0d80000,0x00000000e0d80000,0x00000000e0e00000)
 ParOldGen       total 10752K, used 4853K [0x00000000a1400000, 0x00000000a1e80000, 0x00000000e0700000)
  object space 10752K, 45% used [0x00000000a1400000,0x00000000a18bd7e8,0x00000000a1e80000)
 Metaspace       used 7314K, capacity 8180K, committed 8448K, reserved 1056768K
  class space    used 898K, capacity 944K, committed 1024K, reserved 1048576K
}
Event: 0.430 GC heap before
{Heap before GC invocations=7 (full 1):
 PSYoungGen      total 6656K, used 6144K [0x00000000e0700000, 0x00000000e0e00000, 0x0000000100000000)
  eden space 6144K, 100% used [0x00000000e0700000,0x00000000e0d00000,0x00000000e0d00000)
  from space 512K, 0% used [0x00000000e0d00000,0x00000000e0d00000,0x00000000e0d80000)
  to   space 512K, 0% used [0x00000000e0d80000,0x00000000e0d80000,0x00000000e0e00000)
 ParOldGen       total 10752K, used 4853K [0x00000000a1400000, 0x00000000a1e80000, 0x00000000e0700000)
  object space 10752K, 45% used [0x00000000a1400000,0x00000000a18bd7e8,0x00000000a1e80000)
 Metaspace       used 7463K, capacity 8244K, committed 8448K, reserved 1056768K
  class space    used 911K, capacity 944K, committed 1024K, reserved 1048576K
Event: 0.433 GC heap after
Heap after GC invocations=7 (full 1):
 PSYoungGen      total 6656K, used 489K [0x00000000e0700000, 0x00000000e0e00000, 0x0000000100000000)
  eden space 6144K, 0% used [0x00000000e0700000,0x00000000e0700000,0x00000000e0d00000)
  from space 512K, 95% used [0x00000000e0d80000,0x00000000e0dfa7e8,0x00000000e0e00000)
  to   space 512K, 0% used [0x00000000e0d00000,0x00000000e0d00000,0x00000000e0d80000)
 ParOldGen       total 10752K, used 7521K [0x00000000a1400000, 0x00000000a1e80000, 0x00000000e0700000)
  object space 10752K, 69% used [0x00000000a1400000,0x00000000a1b58530,0x00000000a1e80000)
 Metaspace       used 7463K, capacity 8244K, committed 8448K, reserved 1056768K
  class space    used 911K, capacity 944K, committed 1024K, reserved 1048576K
}
Event: 0.433 GC heap before
{Heap before GC invocations=8 (full 2):
 PSYoungGen      total 6656K, used 489K [0x00000000e0700000, 0x00000000e0e00000, 0x0000000100000000)
  eden space 6144K, 0% used [0x00000000e0700000,0x00000000e0700000,0x00000000e0d00000)
  from space 512K, 95% used [0x00000000e0d80000,0x00000000e0dfa7e8,0x00000000e0e00000)
  to   space 512K, 0% used [0x00000000e0d00000,0x00000000e0d00000,0x00000000e0d80000)
 ParOldGen       total 10752K, used 7521K [0x00000000a1400000, 0x00000000a1e80000, 0x00000000e0700000)
  object space 10752K, 69% used [0x00000000a1400000,0x00000000a1b58530,0x00000000a1e80000)
 Metaspace       used 7463K, capacity 8244K, committed 8448K, reserved 1056768K
  class space    used 911K, capacity 944K, committed 1024K, reserved 1048576K
Event: 0.453 GC heap after
Heap after GC invocations=8 (full 2):
 PSYoungGen      total 6656K, used 0K [0x00000000e0700000, 0x00000000e0e00000, 0x0000000100000000)
  eden space 6144K, 0% used [0x00000000e0700000,0x00000000e0700000,0x00000000e0d00000)
  from space 512K, 0% used [0x00000000e0d80000,0x00000000e0d80000,0x00000000e0e00000)
  to   space 512K, 0% used [0x00000000e0d00000,0x00000000e0d00000,0x00000000e0d80000)
 ParOldGen       total 15872K, used 6066K [0x00000000a1400000, 0x00000000a2380000, 0x00000000e0700000)
  object space 15872K, 38% used [0x00000000a1400000,0x00000000a19ecba0,0x00000000a2380000)
 Metaspace       used 7463K, capacity 8244K, committed 8448K, reserved 1056768K
  class space    used 911K, capacity 944K, committed 1024K, reserved 1048576K
}

Deoptimization events (10 events):
Event: 0.311 Thread 0x0000000004b53000 Uncommon trap: reason=unstable_if action=reinterpret pc=0x0000000004e03eb0 method=java.lang.String.<init>([CII)V @ 18
Event: 0.311 Thread 0x0000000004b53000 Uncommon trap: reason=unstable_if action=reinterpret pc=0x0000000004d8aec8 method=java.lang.String.startsWith(Ljava/lang/String;I)Z @ 25
Event: 0.311 Thread 0x0000000004b53000 Uncommon trap: reason=unloaded action=reinterpret pc=0x0000000004e1aa38 method=sun.misc.URLClassPath$JarLoader.getResource(Ljava/lang/String;Z)Lsun/misc/Resource; @ 67
Event: 0.311 Thread 0x0000000004b53000 Uncommon trap: reason=class_check action=maybe_recompile pc=0x0000000004dfdee4 method=sun.misc.URLClassPath.getLoader(I)Lsun/misc/URLClassPath$Loader; @ 94
Event: 0.475 Thread 0x0000000004b53000 Uncommon trap: reason=class_check action=maybe_recompile pc=0x0000000004ecaff0 method=com.sun.tools.javac.util.List.prependList(Lcom/sun/tools/javac/util/List;)Lcom/sun/tools/javac/util/List; @ 1
Event: 0.476 Thread 0x0000000004b53000 Uncommon trap: reason=class_check action=maybe_recompile pc=0x0000000004ecaff0 method=com.sun.tools.javac.util.List.prependList(Lcom/sun/tools/javac/util/List;)Lcom/sun/tools/javac/util/List; @ 1
Event: 0.483 Thread 0x0000000004b53000 Uncommon trap: reason=unstable_if action=reinterpret pc=0x0000000004dd8300 method=sun.misc.MetaIndex.mayContain(Ljava/lang/String;)Z @ 38
Event: 0.490 Thread 0x0000000004b53000 Uncommon trap: reason=class_check action=maybe_recompile pc=0x0000000004ecaff0 method=com.sun.tools.javac.util.List.prependList(Lcom/sun/tools/javac/util/List;)Lcom/sun/tools/javac/util/List; @ 1
Event: 0.491 Thread 0x0000000004b53000 Uncommon trap: reason=class_check action=maybe_recompile pc=0x0000000004ecaff0 method=com.sun.tools.javac.util.List.prependList(Lcom/sun/tools/javac/util/List;)Lcom/sun/tools/javac/util/List; @ 1
Event: 0.510 Thread 0x0000000004b53000 Uncommon trap: reason=unstable_if action=reinterpret pc=0x0000000004ea3140 method=com.sun.tools.javac.util.Name$Table.equals([BI[BII)Z @ 22

Classes redefined (0 events):
No events

Internal exceptions (10 events):
Event: 0.054 Thread 0x0000000004b53000 Exception <a 'java/io/FileNotFoundException'> (0x00000000e0757328) thrown at [C:\re\workspace\8-2-build-windows-amd64-cygwin\jdk8u181\11358\hotspot\src\share\vm\prims\jni.cpp, line 709]
Event: 0.107 Thread 0x0000000004b53000 Exception <a 'java/security/PrivilegedActionException'> (0x00000000e0876620) thrown at [C:\re\workspace\8-2-build-windows-amd64-cygwin\jdk8u181\11358\hotspot\src\share\vm\prims\jvm.cpp, line 1435]
Event: 0.107 Thread 0x0000000004b53000 Exception <a 'java/security/PrivilegedActionException'> (0x00000000e0876a18) thrown at [C:\re\workspace\8-2-build-windows-amd64-cygwin\jdk8u181\11358\hotspot\src\share\vm\prims\jvm.cpp, line 1435]
Event: 0.112 Thread 0x0000000004b53000 Exception <a 'java/security/PrivilegedActionException'> (0x00000000e087ab10) thrown at [C:\re\workspace\8-2-build-windows-amd64-cygwin\jdk8u181\11358\hotspot\src\share\vm\prims\jvm.cpp, line 1435]
Event: 0.112 Thread 0x0000000004b53000 Exception <a 'java/security/PrivilegedActionException'> (0x00000000e087af08) thrown at [C:\re\workspace\8-2-build-windows-amd64-cygwin\jdk8u181\11358\hotspot\src\share\vm\prims\jvm.cpp, line 1435]
Event: 0.117 Thread 0x0000000004b53000 Exception <a 'java/security/PrivilegedActionException'> (0x00000000e0708e00) thrown at [C:\re\workspace\8-2-build-windows-amd64-cygwin\jdk8u181\11358\hotspot\src\share\vm\prims\jvm.cpp, line 1435]
Event: 0.117 Thread 0x0000000004b53000 Exception <a 'java/security/PrivilegedActionException'> (0x00000000e07091f8) thrown at [C:\re\workspace\8-2-build-windows-amd64-cygwin\jdk8u181\11358\hotspot\src\share\vm\prims\jvm.cpp, line 1435]
Event: 0.269 Thread 0x0000000004b53000 Implicit null exception at 0x0000000004ddef22 to 0x0000000004ddf0d1
Event: 0.390 Thread 0x0000000004b53000 Exception <a 'java/io/FileNotFoundException'> (0x00000000e07f9ee8) thrown at [C:\re\workspace\8-2-build-windows-amd64-cygwin\jdk8u181\11358\hotspot\src\share\vm\prims\jni.cpp, line 709]
Event: 0.392 Thread 0x0000000004b53000 Exception <a 'java/io/FileNotFoundException'> (0x00000000e0850c40) thrown at [C:\re\workspace\8-2-build-windows-amd64-cygwin\jdk8u181\11358\hotspot\src\share\vm\prims\jni.cpp, line 709]

Events (10 events):
Event: 0.511 loading class com/sun/tools/javac/code/Attribute$RetentionPolicy
Event: 0.511 loading class com/sun/tools/javac/code/Attribute$RetentionPolicy done
Event: 0.511 loading class com/sun/tools/javac/util/MandatoryWarningHandler$DeferredDiagnosticKind
Event: 0.511 loading class com/sun/tools/javac/util/MandatoryWarningHandler$DeferredDiagnosticKind done
Event: 0.519 loading class com/sun/tools/javac/comp/Resolve$MostSpecificCheck
Event: 0.519 loading class com/sun/tools/javac/comp/Resolve$MostSpecificCheck done
Event: 0.519 loading class com/sun/tools/javac/comp/Resolve$MostSpecificCheck$MostSpecificCheckContext
Event: 0.519 loading class com/sun/tools/javac/comp/Resolve$MostSpecificCheck$MostSpecificCheckContext done
Event: 0.524 loading class java/util/HashMap$KeyIterator
Event: 0.524 loading class java/util/HashMap$KeyIterator done


Dynamic libraries:
0x00007ff769460000 - 0x00007ff769467000 	C:\Program Files\Java\jdk1.8.0_181\bin\javac.exe
0x00007ffef0df0000 - 0x00007ffef0fd0000 	C:\Windows\SYSTEM32\ntdll.dll
0x00007ffef08f0000 - 0x00007ffef099e000 	C:\Windows\System32\KERNEL32.DLL
0x00007ffeee080000 - 0x00007ffeee2e6000 	C:\Windows\System32\KERNELBASE.dll
0x0000000061d50000 - 0x0000000061e22000 	C:\Program Files\Java\jdk1.8.0_181\bin\MSVCR100.dll
0x0000000061e30000 - 0x0000000061e5f000 	C:\Program Files\Java\jdk1.8.0_181\bin\jli.dll
0x00007ffeefbe0000 - 0x00007ffeefc81000 	C:\Windows\System32\ADVAPI32.dll
0x00007ffef0ab0000 - 0x00007ffef0b4d000 	C:\Windows\System32\msvcrt.dll
0x00007ffef0890000 - 0x00007ffef08eb000 	C:\Windows\System32\sechost.dll
0x00007ffeef860000 - 0x00007ffeef97f000 	C:\Windows\System32\RPCRT4.dll
0x00007ffef0c60000 - 0x00007ffef0def000 	C:\Windows\System32\USER32.dll
0x00007ffee3e90000 - 0x00007ffee40f9000 	C:\Windows\WinSxS\amd64_microsoft.windows.common-controls_6595b64144ccf1df_6.0.16299.98_none_cc930a042215c348\COMCTL32.dll
0x00007ffeed420000 - 0x00007ffeed440000 	C:\Windows\System32\win32u.dll
0x00007ffef06c0000 - 0x00007ffef06e8000 	C:\Windows\System32\GDI32.dll
0x00007ffeefe00000 - 0x00007ffef0108000 	C:\Windows\System32\combase.dll
0x00007ffeed280000 - 0x00007ffeed413000 	C:\Windows\System32\gdi32full.dll
0x00007ffeed4e0000 - 0x00007ffeed5d6000 	C:\Windows\System32\ucrtbase.dll
0x00007ffeed440000 - 0x00007ffeed4db000 	C:\Windows\System32\msvcp_win.dll
0x00007ffeed630000 - 0x00007ffeed6a2000 	C:\Windows\System32\bcryptPrimitives.dll
0x00007ffeef7c0000 - 0x00007ffeef7ed000 	C:\Windows\System32\IMM32.DLL
0x00000000631a0000 - 0x0000000063272000 	C:\Program Files\Java\jdk1.8.0_181\jre\bin\msvcr100.dll
0x0000000063280000 - 0x0000000063b22000 	C:\Program Files\Java\jdk1.8.0_181\jre\bin\server\jvm.dll
0x00007ffeefaa0000 - 0x00007ffeefaa8000 	C:\Windows\System32\PSAPI.DLL
0x00007ffee7bf0000 - 0x00007ffee7bf9000 	C:\Windows\SYSTEM32\WSOCK32.dll
0x00007ffeeb5d0000 - 0x00007ffeeb5f3000 	C:\Windows\SYSTEM32\WINMM.dll
0x00007ffee13e0000 - 0x00007ffee13ea000 	C:\Windows\SYSTEM32\VERSION.dll
0x00007ffeef7f0000 - 0x00007ffeef85c000 	C:\Windows\System32\WS2_32.dll
0x00007ffeeb570000 - 0x00007ffeeb59a000 	C:\Windows\SYSTEM32\WINMMBASE.dll
0x00007ffeed5e0000 - 0x00007ffeed62a000 	C:\Windows\System32\cfgmgr32.dll
0x0000000063150000 - 0x000000006315f000 	C:\Program Files\Java\jdk1.8.0_181\jre\bin\verify.dll
0x0000000063120000 - 0x0000000063149000 	C:\Program Files\Java\jdk1.8.0_181\jre\bin\java.dll
0x0000000063100000 - 0x0000000063116000 	C:\Program Files\Java\jdk1.8.0_181\jre\bin\zip.dll
0x00007ffeee350000 - 0x00007ffeef786000 	C:\Windows\System32\SHELL32.dll
0x00007ffef0bb0000 - 0x00007ffef0c56000 	C:\Windows\System32\shcore.dll
0x00007ffeed760000 - 0x00007ffeedea7000 	C:\Windows\System32\windows.storage.dll
0x00007ffeefab0000 - 0x00007ffeefb01000 	C:\Windows\System32\shlwapi.dll
0x00007ffeed1b0000 - 0x00007ffeed1c1000 	C:\Windows\System32\kernel.appcore.dll
0x00007ffeed1d0000 - 0x00007ffeed21c000 	C:\Windows\System32\powrprof.dll
0x00007ffeed170000 - 0x00007ffeed18b000 	C:\Windows\System32\profapi.dll

VM Arguments:
jvm_args: -Dapplication.home=C:\Program Files\Java\jdk1.8.0_181 -Xms8m -Djava.net.preferIPv4Stack=true 
java_command: com.sun.tools.javac.Main -d C:\Users\Lenovo\Documents\NetBeansProjects\Pi2_Loja_Moveis\build\classes -classpath C:\Users\Lenovo\Documents\NetBeansProjects\Pi2_Loja_Moveis\build\classes;C:\Users\Lenovo\Documents\NetBeansProjects\Pi2_Loja_Moveis\lib\mysql-connector-java-8.0.22.jar -sourcepath C:\Users\Lenovo\Documents\NetBeansProjects\Pi2_Loja_Moveis\src -target 1.8 -encoding UTF-8 -g -processorpath C:\Users\Lenovo\Documents\NetBeansProjects\Pi2_Loja_Moveis\lib\mysql-connector-java-8.0.22.jar;C:\Users\Lenovo\Documents\NetBeansProjects\Pi2_Loja_Moveis\build\empty -s C:\Users\Lenovo\Documents\NetBeansProjects\Pi2_Loja_Moveis\build\generated-sources\ap-source-output -source 1.8 C:\Users\Lenovo\Documents\NetBeansProjects\Pi2_Loja_Moveis\src\br\senac\LojaMoveis\bd\ClienteDAO.java
java_class_path (initial): C:\Program Files\Java\jdk1.8.0_181/lib/tools.jar;C:\Program Files\Java\jdk1.8.0_181/classes
Launcher Type: SUN_STANDARD

Environment Variables:
_JAVA_OPTIONS=-Djava.net.preferIPv4Stack=true
PATH=C:\Program Files (x86)\Common Files\Oracle\Java\javapath;C:\Windows\system32;C:\Windows;C:\Windows\System32\Wbem;C:\Windows\System32\WindowsPowerShell\v1.0\;C:\Program Files\Git\cmd;C:\Program Files\MySQL\MySQL Shell 8.0\bin\;C:\Users\Lenovo\AppData\Local\Microsoft\WindowsApps;;C:\Users\Lenovo\Documents\Microsoft VS Code\bin
USERNAME=Lenovo
OS=Windows_NT
PROCESSOR_IDENTIFIER=Intel64 Family 6 Model 60 Stepping 3, GenuineIntel



---------------  S Y S T E M  ---------------

OS: Windows 10.0 , 64 bit Build 16299 (10.0.16299.15)

CPU:total 4 (initial active 4) (4 cores per cpu, 1 threads per core) family 6 model 60 stepping 3, cmov, cx8, fxsr, mmx, sse, sse2, sse3, ssse3, sse4.1, sse4.2, popcnt, avx, avx2, aes, clmul, erms, lzcnt, tsc, tscinvbit, bmi1, bmi2

Memory: 4k page, physical 6202780k(590956k free), swap 6202780k(5240k free)

vm_info: Java HotSpot(TM) 64-Bit Server VM (25.181-b13) for windows-amd64 JRE (1.8.0_181-b13), built on Jul  7 2018 04:01:33 by "java_re" with MS VC++ 10.0 (VS2010)

time: Mon Dec 07 17:46:26 2020
elapsed time: 0 seconds (0d 0h 0m 0s)

